<?xml version="1.0" encoding="UTF-8"?>
<!-- Generated by org.testng.reporters.JUnitReportReporter -->
<testsuite hostname="BLRPEKUMA156023" name="appium.swipelistview.DriverSwipe" tests="1" failures="0" timestamp="25 Sep 2017 11:03:34 GMT" time="4.969" errors="0">
  <testcase name="swipingHorizontalUsingTouchAction" time="4.969" classname="appium.swipelistview.DriverSwipe"/>
</testsuite> <!-- appium.swipelistview.DriverSwipe -->
