<?xml version="1.0" encoding="UTF-8"?>
<!-- Generated by org.testng.reporters.JUnitReportReporter -->
<testsuite hostname="BLRPEKUMA156023" name="appium.dragsortdemo.DragAndDropAction" tests="1" failures="0" timestamp="25 Sep 2017 11:02:34 GMT" time="3.606" errors="0">
  <testcase name="dragDrop" time="3.606" classname="appium.dragsortdemo.DragAndDropAction"/>
</testsuite> <!-- appium.dragsortdemo.DragAndDropAction -->
