<?xml version="1.0" encoding="UTF-8"?>
<!-- Generated by org.testng.reporters.JUnitReportReporter -->
<testsuite hostname="BLRPEKUMA156023" name="appium.apidemo.APIDemo" tests="1" failures="0" timestamp="27 Sep 2017 10:44:21 GMT" time="23.902" errors="0">
  <testcase name="typeInText" time="23.902" classname="appium.apidemo.APIDemo"/>
</testsuite> <!-- appium.apidemo.APIDemo -->
