<?xml version="1.0" encoding="UTF-8"?>
<!-- Generated by org.testng.reporters.JUnitReportReporter -->
<testsuite hostname="BLRPEKUMA156023" name="appium.DriverSwipe" tests="1" failures="0" timestamp="25 Sep 2017 10:47:53 GMT" time="5.145" errors="0">
  <testcase name="swipingHorizontalUsingTouchAction" time="5.145" classname="appium.DriverSwipe"/>
</testsuite> <!-- appium.DriverSwipe -->
