<?xml version="1.0" encoding="UTF-8"?>
<!-- Generated by org.testng.reporters.JUnitReportReporter -->
<testsuite hostname="BLRPEKUMA156023" name="appium.androidcalculator.AndroidCalcAppExample" tests="1" failures="0" timestamp="25 Sep 2017 11:01:33 GMT" time="3.860" errors="0">
  <testcase name="Sum" time="3.860" classname="appium.androidcalculator.AndroidCalcAppExample"/>
</testsuite> <!-- appium.androidcalculator.AndroidCalcAppExample -->
